<?xml version="1.0" encoding="UTF-8"?>
<!-- Generated by org.testng.reporters.JUnitXMLReporter -->
<testsuite hostname="KO1D1042-KMOON" ignored="0" name="SwarmMuiltiTestCase" tests="4" failures="0" timestamp="17 6월 2019 07:19:14 GMT" time="77.494" errors="0">
  <testcase name="ChatSendingAsimpleMessage" time="16.331" classname="com.swarm.automation.swarm.test.SwarmTestCase"/>
  <testcase name="ChatSendingAsimpleMessage" time="16.485" classname="com.swarm.automation.swarm.test.SwarmTestCase"/>
  <testcase name="ChatSendingAsimpleMessage" time="16.563" classname="com.swarm.automation.swarm.test.SwarmTestCase"/>
  <testcase name="SwarmRoomCreateion" time="13.25" classname="com.swarm.automation.swarm.test.SwarmTestCase"/>
</testsuite> <!-- SwarmMuiltiTestCase -->
