<?xml version="1.0" encoding="UTF-8"?>
<!-- Generated by org.testng.reporters.JUnitXMLReporter -->
<testsuite hostname="KO1D1042-KMOON" ignored="0" name="SwarmRegressionTestCase" tests="4" failures="0" timestamp="19 6월 2019 02:26:32 GMT" time="94.048" errors="0">
  <testcase name="ChatSendingAsimpleMessage" time="14.947" classname="com.swarm.automation.swarm.test.SwarmTestCase"/>
  <testcase name="ChatSendingAsimpleMessage" time="15.731" classname="com.swarm.automation.swarm.test.SwarmTestCase"/>
  <testcase name="ChatSendingAsimpleMessage" time="15.498" classname="com.swarm.automation.swarm.test.SwarmTestCase"/>
  <testcase name="CameraRecordingAvideo" time="31.976" classname="com.swarm.automation.swarm.test.SwarmTestCase"/>
</testsuite> <!-- SwarmRegressionTestCase -->
