<?xml version="1.0" encoding="UTF-8"?>
<!-- Generated by org.testng.reporters.JUnitXMLReporter -->
<testsuite hostname="KO1D1042-KMOON" ignored="0" name="SwarmAutoTest-Chat" tests="3" failures="0" timestamp="20 6월 2019 04:17:01 GMT" time="77.269" errors="0">
  <testcase name="ChatSendingAsimpleMessage" time="18.049" classname="com.swarm.automation.swarm.test.SwarmAutoChat"/>
  <testcase name="ChatSendingAsimpleMessage" time="17.332" classname="com.swarm.automation.swarm.test.SwarmAutoChat"/>
  <testcase name="ChatSendingAsimpleMessage" time="16.815" classname="com.swarm.automation.swarm.test.SwarmAutoChat"/>
</testsuite> <!-- SwarmAutoTest-Chat -->
