<?xml version="1.0" encoding="UTF-8"?>
<!-- Generated by org.testng.reporters.JUnitXMLReporter -->
<testsuite hostname="KO1D1042-KMOON" ignored="0" name="Test" tests="4" failures="0" timestamp="19 6월 2019 06:19:32 GMT" time="90.613" errors="0">
  <testcase name="CameraRecordingAvideo" time="24.591" classname="com.swarm.automation.swarm.test.SwarmAutoCamera"/>
  <testcase name="ChatSendingAsimpleMessage" time="18.045" classname="com.swarm.automation.swarm.test.SwarmAutoChat"/>
  <testcase name="ChatSendingAsimpleMessage" time="16.237" classname="com.swarm.automation.swarm.test.SwarmAutoChat"/>
  <testcase name="ChatSendingAsimpleMessage" time="17.052" classname="com.swarm.automation.swarm.test.SwarmAutoChat"/>
</testsuite> <!-- Test -->
