<?xml version="1.0" encoding="UTF-8"?>
<!-- Generated by org.testng.reporters.JUnitXMLReporter -->
<testsuite ignored="0" hostname="KO1D1042-KMOON" failures="1" tests="4" name="Log in Test" time="0.041" errors="0" timestamp="20 6월 2019 05:52:37 GMT">
  <testcase classname="TestCase.Ken_TestNG_1" name="doUserReg" time="0.009">
    <failure type="java.lang.AssertionError" message="User not registered sucessfully">
      <![CDATA[java.lang.AssertionError: User not registered sucessfully
at TestCase.Ken_TestNG_1.doUserReg(Ken_TestNG_1.java:11)
... Removed 26 stack frames]]>
    </failure>
  </testcase> <!-- doUserReg -->
  <testcase classname="TestCase.Ken_TestNG_1" name="doLogin" time="0.0">
    <skipped/>
  </testcase> <!-- doLogin -->
  <testcase classname="TestCase.Ken_TestNG_1" name="thirdTest" time="0.002"/>
  <testcase classname="TestCase.Ken_TestNG_1" name="fourthTest" time="0.0">
    <skipped/>
  </testcase> <!-- fourthTest -->
</testsuite> <!-- Log in Test -->
