<?xml version="1.0" encoding="UTF-8"?>
<!-- Generated by org.testng.reporters.JUnitReportReporter -->
<testsuite hostname="KO1D1042-KMOON" failures="0" tests="2" name="com.swarm.automation.swarm.test.Ken_Test$Group_Test" time="0.006" errors="0" timestamp="27 5월 2019 03:51:50 GMT" skipped="0">
  <testcase classname="com.swarm.automation.swarm.test.Ken_Test$Group_Test" name="TestA" time="0.004"/>
  <testcase classname="com.swarm.automation.swarm.test.Ken_Test$Group_Test" name="TestB" time="0.002"/>
</testsuite> <!-- com.swarm.automation.swarm.test.Ken_Test$Group_Test -->
