<?xml version="1.0" encoding="UTF-8"?>
<!-- Generated by org.testng.reporters.JUnitReportReporter -->
<testsuite skipped="0" hostname="KO1D1042-KMOON" name="com.swarm.automation.swarm.test.SwarmTestCase_Body" tests="10" failures="0" timestamp="17 6월 2019 05:50:34 GMT" time="165.101" errors="0">
  <testcase name="ChatSendingAsimpleMessage" time="16.678" classname="com.swarm.automation.swarm.test.SwarmTestCase_Body"/>
  <testcase name="ChatSendingAsimpleMessage" time="16.298" classname="com.swarm.automation.swarm.test.SwarmTestCase_Body"/>
  <testcase name="ChatSendingAsimpleMessage" time="16.560" classname="com.swarm.automation.swarm.test.SwarmTestCase_Body"/>
  <testcase name="ChatSendingAsimpleMessage" time="16.624" classname="com.swarm.automation.swarm.test.SwarmTestCase_Body"/>
  <testcase name="ChatSendingAsimpleMessage" time="16.502" classname="com.swarm.automation.swarm.test.SwarmTestCase_Body"/>
  <testcase name="ChatSendingAsimpleMessage" time="16.575" classname="com.swarm.automation.swarm.test.SwarmTestCase_Body"/>
  <testcase name="ChatSendingAsimpleMessage" time="16.471" classname="com.swarm.automation.swarm.test.SwarmTestCase_Body"/>
  <testcase name="ChatSendingAsimpleMessage" time="16.347" classname="com.swarm.automation.swarm.test.SwarmTestCase_Body"/>
  <testcase name="ChatSendingAsimpleMessage" time="16.586" classname="com.swarm.automation.swarm.test.SwarmTestCase_Body"/>
  <testcase name="ChatSendingAsimpleMessage" time="16.460" classname="com.swarm.automation.swarm.test.SwarmTestCase_Body"/>
</testsuite> <!-- com.swarm.automation.swarm.test.SwarmTestCase_Body -->
