<?xml version="1.0" encoding="UTF-8"?>
<!-- Generated by org.testng.reporters.JUnitReportReporter -->
<testsuite skipped="0" hostname="KO1D1042-KMOON" name="com.swarm.automation.swarm.test.SwarmMuiltiTestCase_Body" tests="3" failures="0" timestamp="17 6월 2019 04:06:22 GMT" time="44.191" errors="0">
  <testcase name="ChatSendingAsimpleMessage" time="14.857" classname="com.swarm.automation.swarm.test.SwarmMuiltiTestCase_Body"/>
  <testcase name="ChatSendingAsimpleMessage" time="14.361" classname="com.swarm.automation.swarm.test.SwarmMuiltiTestCase_Body"/>
  <testcase name="ChatSendingAsimpleMessage" time="14.973" classname="com.swarm.automation.swarm.test.SwarmMuiltiTestCase_Body"/>
</testsuite> <!-- com.swarm.automation.swarm.test.SwarmMuiltiTestCase_Body -->
